Fri Apr 17 10:35:55 PDT 2026 | LOGIN_FAILED | sender=null | recipient=SERVER | content=login failed
Fri Apr 17 10:37:21 PDT 2026 | LOGIN_FAILED | sender=null | recipient=SERVER | content=login failed
Fri Apr 17 10:37:31 PDT 2026 | LOGIN_FAILED | sender= | recipient=SERVER | content=login failed
Fri Apr 17 10:37:37 PDT 2026 | LOGIN_FAILED | sender= | recipient=SERVER | content=login failed
Fri Apr 17 10:39:53 PDT 2026 | LOGIN_FAILED | sender=null | recipient=SERVER | content=login failed
Fri Apr 17 10:42:03 PDT 2026 | LOGIN_FAILED | sender=null | recipient=SERVER | content=login failed
Fri Apr 17 10:43:06 PDT 2026 | LOGIN_FAILED | sender=null | recipient=SERVER | content=login failed
Fri Apr 17 10:44:00 PDT 2026 | LOGIN_FAILED | sender=null | recipient=SERVER | content=login failed
Fri Apr 17 10:47:09 PDT 2026 | LOGIN_FAILED | sender=null | recipient=SERVER | content=login failed
Fri Apr 17 11:01:26 PDT 2026 | LOGIN_FAILED | sender=null | recipient=SERVER | content=login failed
Fri Apr 17 11:08:02 PDT 2026 | LOGIN_FAILED | sender=null | recipient=SERVER | content=login failed
Fri Apr 17 11:19:04 PDT 2026 | LOGIN_FAILED | sender=null | recipient=SERVER | content=login failed
Fri Apr 17 11:26:42 PDT 2026 | LOGIN_FAILED | sender=null | recipient=SERVER | content=login failed
Fri Apr 17 11:28:03 PDT 2026 | LOGIN_FAILED | sender=null | recipient=SERVER | content=login failed
Fri Apr 17 11:28:38 PDT 2026 | LOGIN_FAILED | sender= | recipient=SERVER | content=login failed
Fri Apr 17 11:29:18 PDT 2026 | LOGIN_FAILED | sender= | recipient=SERVER | content=login failed
Fri Apr 17 11:30:49 PDT 2026 | LOGIN_FAILED | sender= | recipient=SERVER | content=login failed
Fri Apr 17 11:31:43 PDT 2026 | LOGIN_FAILED | sender=null | recipient=SERVER | content=login failed
Fri Apr 17 11:36:40 PDT 2026 | LOGIN_FAILED | sender=null | recipient=SERVER | content=login failed
Fri Apr 17 11:38:12 PDT 2026 | LOGIN_FAILED | sender=null | recipient=SERVER | content=login failed
Fri Apr 17 11:41:03 PDT 2026 | LOGIN_SUCCESS | sender=admin | recipient=SERVER | content=login successful
Fri Apr 17 11:43:59 PDT 2026 | LOGIN_SUCCESS | sender=admin | recipient=SERVER | content=login successful
Fri Apr 17 11:45:20 PDT 2026 | LOGIN_SUCCESS | sender=admin | recipient=SERVER | content=login successful
Fri Apr 17 11:47:58 PDT 2026 | LOGIN_SUCCESS | sender=admin | recipient=SERVER | content=login successful
Fri Apr 17 11:48:40 PDT 2026 | LOGIN_SUCCESS | sender=admin | recipient=SERVER | content=login successful
Fri Apr 17 11:49:02 PDT 2026 | LOGIN_SUCCESS | sender=admin | recipient=SERVER | content=login successful
Fri Apr 17 11:57:55 PDT 2026 | LOGIN_SUCCESS | sender=admin | recipient=SERVER | content=login successful
Fri Apr 17 11:58:15 PDT 2026 | LOGIN_SUCCESS | sender=admin | recipient=SERVER | content=login successful
Fri Apr 17 12:00:40 PDT 2026 | LOGIN_SUCCESS | sender=admin | recipient=SERVER | content=login successful
Fri Apr 17 12:00:59 PDT 2026 | LOGIN_SUCCESS | sender=admin | recipient=SERVER | content=login successful
Fri Apr 17 12:03:22 PDT 2026 | LOGIN_SUCCESS | sender=admin | recipient=SERVER | content=login successful
Fri Apr 17 12:03:24 PDT 2026 | LOGOUT | sender=admin | recipient=SERVER | content=logout successful
Fri Apr 17 12:08:56 PDT 2026 | LOGIN_FAILED | sender=ads | recipient=SERVER | content=login failed
Fri Apr 17 12:10:04 PDT 2026 | LOGIN_FAILED | sender=ads | recipient=SERVER | content=login failed
Fri Apr 17 12:10:08 PDT 2026 | LOGIN_FAILED | sender=asdf | recipient=SERVER | content=login failed
Fri Apr 17 12:10:12 PDT 2026 | LOGIN_FAILED | sender=asdf | recipient=SERVER | content=login failed
Fri Apr 17 12:10:16 PDT 2026 | LOGIN_SUCCESS | sender=admin | recipient=SERVER | content=login successful
Fri Apr 17 12:10:17 PDT 2026 | LOGOUT | sender=admin | recipient=SERVER | content=logout successful
Fri Apr 17 12:10:55 PDT 2026 | LOGIN_SUCCESS | sender=admin | recipient=SERVER | content=login successful
Fri Apr 17 12:11:48 PDT 2026 | LOGOUT | sender=admin | recipient=SERVER | content=logout successful
Fri Apr 17 12:13:19 PDT 2026 | LOGIN_SUCCESS | sender=admin | recipient=SERVER | content=login successful
Fri Apr 17 12:13:24 PDT 2026 | LOGOUT | sender=admin | recipient=SERVER | content=logout successful
Fri Apr 17 12:14:38 PDT 2026 | LOGIN_SUCCESS | sender=admin | recipient=SERVER | content=login successful
Fri Apr 17 12:14:41 PDT 2026 | LOGOUT | sender=admin | recipient=SERVER | content=logout successful
Fri Apr 17 12:16:21 PDT 2026 | LOGIN_SUCCESS | sender=admin | recipient=SERVER | content=login successful
Fri Apr 17 12:16:22 PDT 2026 | LOGOUT | sender=admin | recipient=SERVER | content=logout successful
Fri Apr 17 12:16:24 PDT 2026 | LOGIN_FAILED | sender=sdf | recipient=SERVER | content=login failed
Fri Apr 17 12:16:27 PDT 2026 | LOGIN_FAILED | sender=sdf | recipient=SERVER | content=login failed
Fri Apr 17 12:16:30 PDT 2026 | LOGIN_SUCCESS | sender=admin | recipient=SERVER | content=login successful
Fri Apr 17 12:16:31 PDT 2026 | LOGOUT | sender=admin | recipient=SERVER | content=logout successful
Fri Apr 17 12:16:33 PDT 2026 | LOGIN_FAILED | sender=sdf | recipient=SERVER | content=login failed
Fri Apr 17 12:16:40 PDT 2026 | LOGIN_SUCCESS | sender=admin | recipient=SERVER | content=login successful
Fri Apr 17 12:18:47 PDT 2026 | LOGOUT | sender=admin | recipient=SERVER | content=logout successful
Fri Apr 17 12:19:09 PDT 2026 | LOGIN_SUCCESS | sender=admin | recipient=SERVER | content=login successful
Fri Apr 17 12:25:42 PDT 2026 | LOGIN_SUCCESS | sender=admin | recipient=SERVER | content=login successful
Fri Apr 17 12:25:43 PDT 2026 | LOGOUT | sender=admin | recipient=SERVER | content=logout successful
Fri Apr 17 12:25:49 PDT 2026 | LOGIN_SUCCESS | sender=admin | recipient=SERVER | content=login successful
Fri Apr 17 12:48:38 PDT 2026 | LOGIN_SUCCESS | sender=admin | recipient=SERVER | content=login successful
Fri Apr 17 12:49:49 PDT 2026 | LOGIN_SUCCESS | sender=admin | recipient=SERVER | content=login successful
Fri Apr 17 12:51:08 PDT 2026 | LOGIN_SUCCESS | sender=admin | recipient=SERVER | content=login successful
Fri Apr 17 12:52:00 PDT 2026 | LOGIN_SUCCESS | sender=admin | recipient=SERVER | content=login successful
Fri Apr 17 12:52:50 PDT 2026 | LOGIN_SUCCESS | sender=admin | recipient=SERVER | content=login successful
Fri Apr 17 12:53:51 PDT 2026 | LOGIN_SUCCESS | sender=admin | recipient=SERVER | content=login successful
Fri Apr 17 12:55:29 PDT 2026 | LOGIN_SUCCESS | sender=admin | recipient=SERVER | content=login successful
Fri Apr 17 12:56:33 PDT 2026 | LOGIN_SUCCESS | sender=admin | recipient=SERVER | content=login successful
Fri Apr 17 13:00:21 PDT 2026 | LOGIN_SUCCESS | sender=admin | recipient=SERVER | content=login successful
Fri Apr 17 13:01:20 PDT 2026 | LOGOUT | sender=admin | recipient=SERVER | content=logout successful
